running egg_info
creating ../../build/edhitha_ros/edhitha_ros.egg-info
writing ../../build/edhitha_ros/edhitha_ros.egg-info/PKG-INFO
writing dependency_links to ../../build/edhitha_ros/edhitha_ros.egg-info/dependency_links.txt
writing entry points to ../../build/edhitha_ros/edhitha_ros.egg-info/entry_points.txt
writing requirements to ../../build/edhitha_ros/edhitha_ros.egg-info/requires.txt
writing top-level names to ../../build/edhitha_ros/edhitha_ros.egg-info/top_level.txt
writing manifest file '../../build/edhitha_ros/edhitha_ros.egg-info/SOURCES.txt'
reading manifest file '../../build/edhitha_ros/edhitha_ros.egg-info/SOURCES.txt'
writing manifest file '../../build/edhitha_ros/edhitha_ros.egg-info/SOURCES.txt'
running build
running build_py
creating /home/yashu/ros2_workspace/build/edhitha_ros/build
creating /home/yashu/ros2_workspace/build/edhitha_ros/build/lib
creating /home/yashu/ros2_workspace/build/edhitha_ros/build/lib/edhitha_ros
copying edhitha_ros/__init__.py -> /home/yashu/ros2_workspace/build/edhitha_ros/build/lib/edhitha_ros
running install
running install_lib
creating /home/yashu/ros2_workspace/install/edhitha_ros/lib/python3.10/site-packages/edhitha_ros
copying /home/yashu/ros2_workspace/build/edhitha_ros/build/lib/edhitha_ros/__init__.py -> /home/yashu/ros2_workspace/install/edhitha_ros/lib/python3.10/site-packages/edhitha_ros
byte-compiling /home/yashu/ros2_workspace/install/edhitha_ros/lib/python3.10/site-packages/edhitha_ros/__init__.py to __init__.cpython-310.pyc
running install_data
creating /home/yashu/ros2_workspace/install/edhitha_ros/share/ament_index
creating /home/yashu/ros2_workspace/install/edhitha_ros/share/ament_index/resource_index
creating /home/yashu/ros2_workspace/install/edhitha_ros/share/ament_index/resource_index/packages
copying resource/edhitha_ros -> /home/yashu/ros2_workspace/install/edhitha_ros/share/ament_index/resource_index/packages
copying package.xml -> /home/yashu/ros2_workspace/install/edhitha_ros/share/edhitha_ros
running install_egg_info
Copying ../../build/edhitha_ros/edhitha_ros.egg-info to /home/yashu/ros2_workspace/install/edhitha_ros/lib/python3.10/site-packages/edhitha_ros-0.0.0-py3.10.egg-info
running install_scripts
writing list of installed files to '/home/yashu/ros2_workspace/build/edhitha_ros/install.log'
