/home/yashu/ros2_workspace/install/edhitha_ros/lib/python3.10/site-packages/edhitha_ros/__init__.py
/home/yashu/ros2_workspace/install/edhitha_ros/lib/python3.10/site-packages/edhitha_ros/edhitha_listerners.py
/home/yashu/ros2_workspace/install/edhitha_ros/lib/python3.10/site-packages/edhitha_ros/edhitha_client.py
/home/yashu/ros2_workspace/install/edhitha_ros/lib/python3.10/site-packages/edhitha_ros/edhitha_talkerp.py
/home/yashu/ros2_workspace/install/edhitha_ros/lib/python3.10/site-packages/edhitha_ros/edhitha_server.py
/home/yashu/ros2_workspace/install/edhitha_ros/lib/python3.10/site-packages/edhitha_ros/__pycache__/__init__.cpython-310.pyc
/home/yashu/ros2_workspace/install/edhitha_ros/lib/python3.10/site-packages/edhitha_ros/__pycache__/edhitha_listerners.cpython-310.pyc
/home/yashu/ros2_workspace/install/edhitha_ros/lib/python3.10/site-packages/edhitha_ros/__pycache__/edhitha_client.cpython-310.pyc
/home/yashu/ros2_workspace/install/edhitha_ros/lib/python3.10/site-packages/edhitha_ros/__pycache__/edhitha_talkerp.cpython-310.pyc
/home/yashu/ros2_workspace/install/edhitha_ros/lib/python3.10/site-packages/edhitha_ros/__pycache__/edhitha_server.cpython-310.pyc
/home/yashu/ros2_workspace/install/edhitha_ros/share/ament_index/resource_index/packages/edhitha_ros
/home/yashu/ros2_workspace/install/edhitha_ros/share/edhitha_ros/package.xml
/home/yashu/ros2_workspace/install/edhitha_ros/lib/python3.10/site-packages/edhitha_ros-0.0.0-py3.10.egg-info/PKG-INFO
/home/yashu/ros2_workspace/install/edhitha_ros/lib/python3.10/site-packages/edhitha_ros-0.0.0-py3.10.egg-info/SOURCES.txt
/home/yashu/ros2_workspace/install/edhitha_ros/lib/python3.10/site-packages/edhitha_ros-0.0.0-py3.10.egg-info/dependency_links.txt
/home/yashu/ros2_workspace/install/edhitha_ros/lib/python3.10/site-packages/edhitha_ros-0.0.0-py3.10.egg-info/top_level.txt
/home/yashu/ros2_workspace/install/edhitha_ros/lib/python3.10/site-packages/edhitha_ros-0.0.0-py3.10.egg-info/zip-safe
/home/yashu/ros2_workspace/install/edhitha_ros/lib/python3.10/site-packages/edhitha_ros-0.0.0-py3.10.egg-info/entry_points.txt
/home/yashu/ros2_workspace/install/edhitha_ros/lib/python3.10/site-packages/edhitha_ros-0.0.0-py3.10.egg-info/requires.txt
/home/yashu/ros2_workspace/install/edhitha_ros/lib/edhitha_ros/edhitha_client
/home/yashu/ros2_workspace/install/edhitha_ros/lib/edhitha_ros/edhitha_server
