[1.986s] Invoking command in '/home/yashu/ros2_workspace/src/edhitha_ros': PYTHONPATH=/home/yashu/ros2_workspace/build/edhitha_ros/prefix_override:/usr/lib/python3/dist-packages/colcon_core/task/python/colcon_distutils_commands:/home/yashu/ros2_workspace/install/edhitha_ros/lib/python3.10/site-packages:${PYTHONPATH} /usr/bin/python3 -W ignore:setup.py install is deprecated -W ignore:easy_install command is deprecated setup.py egg_info --egg-base ../../build/edhitha_ros build --build-base /home/yashu/ros2_workspace/build/edhitha_ros/build install --record /home/yashu/ros2_workspace/build/edhitha_ros/install.log --single-version-externally-managed install_data
[2.451s] running egg_info
[2.478s] writing ../../build/edhitha_ros/edhitha_ros.egg-info/PKG-INFO
[2.517s] writing dependency_links to ../../build/edhitha_ros/edhitha_ros.egg-info/dependency_links.txt
[2.518s] writing entry points to ../../build/edhitha_ros/edhitha_ros.egg-info/entry_points.txt
[2.518s] writing requirements to ../../build/edhitha_ros/edhitha_ros.egg-info/requires.txt
[2.519s] writing top-level names to ../../build/edhitha_ros/edhitha_ros.egg-info/top_level.txt
[2.581s] reading manifest file '../../build/edhitha_ros/edhitha_ros.egg-info/SOURCES.txt'
[2.597s] writing manifest file '../../build/edhitha_ros/edhitha_ros.egg-info/SOURCES.txt'
[2.597s] running build
[2.597s] running build_py
[2.598s] copying edhitha_ros/__init__.py -> /home/yashu/ros2_workspace/build/edhitha_ros/build/lib/edhitha_ros
[2.598s] copying edhitha_ros/edhitha_listerners.py -> /home/yashu/ros2_workspace/build/edhitha_ros/build/lib/edhitha_ros
[2.599s] copying edhitha_ros/edhitha_client.py -> /home/yashu/ros2_workspace/build/edhitha_ros/build/lib/edhitha_ros
[2.599s] copying edhitha_ros/edhitha_talkerp.py -> /home/yashu/ros2_workspace/build/edhitha_ros/build/lib/edhitha_ros
[2.600s] copying edhitha_ros/edhitha_server.py -> /home/yashu/ros2_workspace/build/edhitha_ros/build/lib/edhitha_ros
[2.600s] running install
[2.611s] running install_lib
[2.640s] copying /home/yashu/ros2_workspace/build/edhitha_ros/build/lib/edhitha_ros/edhitha_listerners.py -> /home/yashu/ros2_workspace/install/edhitha_ros/lib/python3.10/site-packages/edhitha_ros
[2.641s] copying /home/yashu/ros2_workspace/build/edhitha_ros/build/lib/edhitha_ros/edhitha_client.py -> /home/yashu/ros2_workspace/install/edhitha_ros/lib/python3.10/site-packages/edhitha_ros
[2.641s] copying /home/yashu/ros2_workspace/build/edhitha_ros/build/lib/edhitha_ros/edhitha_talkerp.py -> /home/yashu/ros2_workspace/install/edhitha_ros/lib/python3.10/site-packages/edhitha_ros
[2.641s] copying /home/yashu/ros2_workspace/build/edhitha_ros/build/lib/edhitha_ros/edhitha_server.py -> /home/yashu/ros2_workspace/install/edhitha_ros/lib/python3.10/site-packages/edhitha_ros
[2.642s] byte-compiling /home/yashu/ros2_workspace/install/edhitha_ros/lib/python3.10/site-packages/edhitha_ros/edhitha_listerners.py to edhitha_listerners.cpython-310.pyc
[2.643s] byte-compiling /home/yashu/ros2_workspace/install/edhitha_ros/lib/python3.10/site-packages/edhitha_ros/edhitha_client.py to edhitha_client.cpython-310.pyc
[2.644s] byte-compiling /home/yashu/ros2_workspace/install/edhitha_ros/lib/python3.10/site-packages/edhitha_ros/edhitha_talkerp.py to edhitha_talkerp.cpython-310.pyc
[2.644s] byte-compiling /home/yashu/ros2_workspace/install/edhitha_ros/lib/python3.10/site-packages/edhitha_ros/edhitha_server.py to edhitha_server.cpython-310.pyc
[2.648s] running install_data
[2.649s] copying resource/edhitha_ros -> /home/yashu/ros2_workspace/install/edhitha_ros/share/ament_index/resource_index/packages
[2.649s] copying package.xml -> /home/yashu/ros2_workspace/install/edhitha_ros/share/edhitha_ros
[2.649s] running install_egg_info
[2.680s] removing '/home/yashu/ros2_workspace/install/edhitha_ros/lib/python3.10/site-packages/edhitha_ros-0.0.0-py3.10.egg-info' (and everything under it)
[2.680s] Copying ../../build/edhitha_ros/edhitha_ros.egg-info to /home/yashu/ros2_workspace/install/edhitha_ros/lib/python3.10/site-packages/edhitha_ros-0.0.0-py3.10.egg-info
[2.683s] running install_scripts
[2.952s] Installing edhitha_client script to /home/yashu/ros2_workspace/install/edhitha_ros/lib/edhitha_ros
[2.952s] Installing edhitha_server script to /home/yashu/ros2_workspace/install/edhitha_ros/lib/edhitha_ros
[2.953s] writing list of installed files to '/home/yashu/ros2_workspace/build/edhitha_ros/install.log'
[3.003s] Invoked command in '/home/yashu/ros2_workspace/src/edhitha_ros' returned '0': PYTHONPATH=/home/yashu/ros2_workspace/build/edhitha_ros/prefix_override:/usr/lib/python3/dist-packages/colcon_core/task/python/colcon_distutils_commands:/home/yashu/ros2_workspace/install/edhitha_ros/lib/python3.10/site-packages:${PYTHONPATH} /usr/bin/python3 -W ignore:setup.py install is deprecated -W ignore:easy_install command is deprecated setup.py egg_info --egg-base ../../build/edhitha_ros build --build-base /home/yashu/ros2_workspace/build/edhitha_ros/build install --record /home/yashu/ros2_workspace/build/edhitha_ros/install.log --single-version-externally-managed install_data
